# JRE version: OpenJDK Runtime Environment GraalVM CE 22.3.0 (17.0.5+8) (build 17.0.5+8-jvmci-22.3-b08)
# Java VM: OpenJDK 64-Bit Server VM GraalVM CE 22.3.0 (17.0.5+8-jvmci-22.3-b08, mixed mode, sharing, tiered, jvmci, jvmci compiler, compressed oops, compressed class ptrs, parallel gc, linux-amd64)
GC Precious Log:
 CPUs: 8 total, 1 available
 Memory: 1024M
 Large Page Support: Disabled
 NUMA Support: Disabled
 Compressed Oops: Enabled (32-bit)
 Alignments: Space 512K, Generation 512K, Heap 2M
 Heap Min Capacity: 100M
 Heap Initial Capacity: 100M
 Heap Max Capacity: 512M
 Pre-touch: Disabled
 Parallel Workers: 1
Heap:
 PSYoungGen      total 71168K, used 42496K [0x00000000f5580000, 0x00000000fb900000, 0x0000000100000000)
  eden space 42496K, 100% used [0x00000000f5580000,0x00000000f7f00000,0x00000000f7f00000)
  from space 28672K, 0% used [0x00000000f7f00000,0x00000000f7f00000,0x00000000f9b00000)
  to   space 28672K, 0% used [0x00000000f9b00000,0x00000000f9b00000,0x00000000fb700000)
 ParOldGen       total 349696K, used 349696K [0x00000000e0000000, 0x00000000f5580000, 0x00000000f5580000)
  object space 349696K, 100% used [0x00000000e0000000,0x00000000f5580000,0x00000000f5580000)
 Metaspace       used 58627K, committed 59584K, reserved 1105920K
  class space    used 5731K, committed 6144K, reserved 1048576K
GC Heap History (20 events):
Event: 276.562 GC heap before
{Heap before GC invocations=222 (full 138):
 PSYoungGen      total 71168K, used 42495K [0x00000000f5580000, 0x00000000fb900000, 0x0000000100000000)
  eden space 42496K, 99% used [0x00000000f5580000,0x00000000f7effff8,0x00000000f7f00000)
  from space 28672K, 0% used [0x00000000f7f00000,0x00000000f7f00000,0x00000000f9b00000)
  to   space 28672K, 0% used [0x00000000f9b00000,0x00000000f9b00000,0x00000000fb700000)
 ParOldGen       total 349696K, used 349692K [0x00000000e0000000, 0x00000000f5580000, 0x00000000f5580000)
  object space 349696K, 99% used [0x00000000e0000000,0x00000000f557f280,0x00000000f5580000)
 Metaspace       used 58627K, committed 59584K, reserved 1105920K
  class space    used 5731K, committed 6144K, reserved 1048576K
}
Event: 278.116 GC heap after
{Heap after GC invocations=222 (full 138):
 PSYoungGen      total 71168K, used 42495K [0x00000000f5580000, 0x00000000fb900000, 0x0000000100000000)
  eden space 42496K, 99% used [0x00000000f5580000,0x00000000f7efff58,0x00000000f7f00000)
  from space 28672K, 0% used [0x00000000f9b00000,0x00000000f9b00000,0x00000000fb700000)
  to   space 28672K, 0% used [0x00000000f7f00000,0x00000000f7f00000,0x00000000f9b00000)
 ParOldGen       total 349696K, used 349692K [0x00000000e0000000, 0x00000000f5580000, 0x00000000f5580000)
  object space 349696K, 99% used [0x00000000e0000000,0x00000000f557f250,0x00000000f5580000)
 Metaspace       used 58627K, committed 59584K, reserved 1105920K
  class space    used 5731K, committed 6144K, reserved 1048576K
}
Event: 278.116 GC heap before
{Heap before GC invocations=223 (full 139):
 PSYoungGen      total 71168K, used 42496K [0x00000000f5580000, 0x00000000fb900000, 0x0000000100000000)
  eden space 42496K, 100% used [0x00000000f5580000,0x00000000f7f00000,0x00000000f7f00000)
  from space 28672K, 0% used [0x00000000f9b00000,0x00000000f9b00000,0x00000000fb700000)
  to   space 28672K, 0% used [0x00000000f7f00000,0x00000000f7f00000,0x00000000f9b00000)
 ParOldGen       total 349696K, used 349692K [0x00000000e0000000, 0x00000000f5580000, 0x00000000f5580000)
  object space 349696K, 99% used [0x00000000e0000000,0x00000000f557f250,0x00000000f5580000)
 Metaspace       used 58627K, committed 59584K, reserved 1105920K
  class space    used 5731K, committed 6144K, reserved 1048576K
}
Event: 279.808 GC heap after
{Heap after GC invocations=223 (full 139):
 PSYoungGen      total 71168K, used 42495K [0x00000000f5580000, 0x00000000fb900000, 0x0000000100000000)
  eden space 42496K, 99% used [0x00000000f5580000,0x00000000f7efffd0,0x00000000f7f00000)
  from space 28672K, 0% used [0x00000000f7f00000,0x00000000f7f00000,0x00000000f9b00000)
  to   space 28672K, 0% used [0x00000000f9b00000,0x00000000f9b00000,0x00000000fb700000)
 ParOldGen       total 349696K, used 349692K [0x00000000e0000000, 0x00000000f5580000, 0x00000000f5580000)
  object space 349696K, 99% used [0x00000000e0000000,0x00000000f557f250,0x00000000f5580000)
 Metaspace       used 58627K, committed 59584K, reserved 1105920K
  class space    used 5731K, committed 6144K, reserved 1048576K
}
Event: 279.812 GC heap before
{Heap before GC invocations=224 (full 140):
 PSYoungGen      total 71168K, used 42496K [0x00000000f5580000, 0x00000000fb900000, 0x0000000100000000)
  eden space 42496K, 100% used [0x00000000f5580000,0x00000000f7f00000,0x00000000f7f00000)
  from space 28672K, 0% used [0x00000000f7f00000,0x00000000f7f00000,0x00000000f9b00000)
  to   space 28672K, 0% used [0x00000000f9b00000,0x00000000f9b00000,0x00000000fb700000)
 ParOldGen       total 349696K, used 349694K [0x00000000e0000000, 0x00000000f5580000, 0x00000000f5580000)
  object space 349696K, 99% used [0x00000000e0000000,0x00000000f557f8e0,0x00000000f5580000)
 Metaspace       used 58627K, committed 59584K, reserved 1105920K
  class space    used 5731K, committed 6144K, reserved 1048576K
}
Event: 281.358 GC heap after
{Heap after GC invocations=224 (full 140):
 PSYoungGen      total 71168K, used 42495K [0x00000000f5580000, 0x00000000fb900000, 0x0000000100000000)
  eden space 42496K, 99% used [0x00000000f5580000,0x00000000f7effef0,0x00000000f7f00000)
  from space 28672K, 0% used [0x00000000f9b00000,0x00000000f9b00000,0x00000000fb700000)
  to   space 28672K, 0% used [0x00000000f7f00000,0x00000000f7f00000,0x00000000f9b00000)
 ParOldGen       total 349696K, used 349691K [0x00000000e0000000, 0x00000000f5580000, 0x00000000f5580000)
  object space 349696K, 99% used [0x00000000e0000000,0x00000000f557ee30,0x00000000f5580000)
 Metaspace       used 58627K, committed 59584K, reserved 1105920K
  class space    used 5731K, committed 6144K, reserved 1048576K
}
Event: 281.358 GC heap before
{Heap before GC invocations=225 (full 141):
 PSYoungGen      total 71168K, used 42495K [0x00000000f5580000, 0x00000000fb900000, 0x0000000100000000)
  eden space 42496K, 99% used [0x00000000f5580000,0x00000000f7effef0,0x00000000f7f00000)
  from space 28672K, 0% used [0x00000000f9b00000,0x00000000f9b00000,0x00000000fb700000)
  to   space 28672K, 0% used [0x00000000f7f00000,0x00000000f7f00000,0x00000000f9b00000)
 ParOldGen       total 349696K, used 349691K [0x00000000e0000000, 0x00000000f5580000, 0x00000000f5580000)
  object space 349696K, 99% used [0x00000000e0000000,0x00000000f557ee30,0x00000000f5580000)
 Metaspace       used 58627K, committed 59584K, reserved 1105920K
  class space    used 5731K, committed 6144K, reserved 1048576K
}
Event: 283.335 GC heap after
{Heap after GC invocations=225 (full 141):
 PSYoungGen      total 71168K, used 42495K [0x00000000f5580000, 0x00000000fb900000, 0x0000000100000000)
  eden space 42496K, 99% used [0x00000000f5580000,0x00000000f7effef0,0x00000000f7f00000)
  from space 28672K, 0% used [0x00000000f7f00000,0x00000000f7f00000,0x00000000f9b00000)
  to   space 28672K, 0% used [0x00000000f9b00000,0x00000000f9b00000,0x00000000fb700000)
 ParOldGen       total 349696K, used 349691K [0x00000000e0000000, 0x00000000f5580000, 0x00000000f5580000)
  object space 349696K, 99% used [0x00000000e0000000,0x00000000f557ee30,0x00000000f5580000)
 Metaspace       used 58627K, committed 59584K, reserved 1105920K
  class space    used 5731K, committed 6144K, reserved 1048576K
}
Event: 283.336 GC heap before
{Heap before GC invocations=226 (full 142):
 PSYoungGen      total 71168K, used 42496K [0x00000000f5580000, 0x00000000fb900000, 0x0000000100000000)
  eden space 42496K, 100% used [0x00000000f5580000,0x00000000f7f00000,0x00000000f7f00000)
  from space 28672K, 0% used [0x00000000f7f00000,0x00000000f7f00000,0x00000000f9b00000)
  to   space 28672K, 0% used [0x00000000f9b00000,0x00000000f9b00000,0x00000000fb700000)
 ParOldGen       total 349696K, used 349691K [0x00000000e0000000, 0x00000000f5580000, 0x00000000f5580000)
  object space 349696K, 99% used [0x00000000e0000000,0x00000000f557efa0,0x00000000f5580000)
 Metaspace       used 58627K, committed 59584K, reserved 1105920K
  class space    used 5731K, committed 6144K, reserved 1048576K
}
Event: 285.004 GC heap after
{Heap after GC invocations=226 (full 142):
 PSYoungGen      total 71168K, used 42495K [0x00000000f5580000, 0x00000000fb900000, 0x0000000100000000)
  eden space 42496K, 99% used [0x00000000f5580000,0x00000000f7efff10,0x00000000f7f00000)
  from space 28672K, 0% used [0x00000000f9b00000,0x00000000f9b00000,0x00000000fb700000)
  to   space 28672K, 0% used [0x00000000f7f00000,0x00000000f7f00000,0x00000000f9b00000)
 ParOldGen       total 349696K, used 349689K [0x00000000e0000000, 0x00000000f5580000, 0x00000000f5580000)
  object space 349696K, 99% used [0x00000000e0000000,0x00000000f557e728,0x00000000f5580000)
 Metaspace       used 58627K, committed 59584K, reserved 1105920K
  class space    used 5731K, committed 6144K, reserved 1048576K
}
Event: 285.006 GC heap before
{Heap before GC invocations=227 (full 143):
 PSYoungGen      total 71168K, used 42495K [0x00000000f5580000, 0x00000000fb900000, 0x0000000100000000)
  eden space 42496K, 99% used [0x00000000f5580000,0x00000000f7efffb8,0x00000000f7f00000)
  from space 28672K, 0% used [0x00000000f9b00000,0x00000000f9b00000,0x00000000fb700000)
  to   space 28672K, 0% used [0x00000000f7f00000,0x00000000f7f00000,0x00000000f9b00000)
 ParOldGen       total 349696K, used 349689K [0x00000000e0000000, 0x00000000f5580000, 0x00000000f5580000)
  object space 349696K, 99% used [0x00000000e0000000,0x00000000f557e728,0x00000000f5580000)
 Metaspace       used 58627K, committed 59584K, reserved 1105920K
  class space    used 5731K, committed 6144K, reserved 1048576K
}
Event: 286.617 GC heap after
{Heap after GC invocations=227 (full 143):
 PSYoungGen      total 71168K, used 42495K [0x00000000f5580000, 0x00000000fb900000, 0x0000000100000000)
  eden space 42496K, 99% used [0x00000000f5580000,0x00000000f7efff28,0x00000000f7f00000)
  from space 28672K, 0% used [0x00000000f7f00000,0x00000000f7f00000,0x00000000f9b00000)
  to   space 28672K, 0% used [0x00000000f9b00000,0x00000000f9b00000,0x00000000fb700000)
 ParOldGen       total 349696K, used 349689K [0x00000000e0000000, 0x00000000f5580000, 0x00000000f5580000)
  object space 349696K, 99% used [0x00000000e0000000,0x00000000f557e728,0x00000000f5580000)
 Metaspace       used 58627K, committed 59584K, reserved 1105920K
  class space    used 5731K, committed 6144K, reserved 1048576K
}
Event: 286.619 GC heap before
{Heap before GC invocations=228 (full 144):
 PSYoungGen      total 71168K, used 42496K [0x00000000f5580000, 0x00000000fb900000, 0x0000000100000000)
  eden space 42496K, 100% used [0x00000000f5580000,0x00000000f7f00000,0x00000000f7f00000)
  from space 28672K, 0% used [0x00000000f7f00000,0x00000000f7f00000,0x00000000f9b00000)
  to   space 28672K, 0% used [0x00000000f9b00000,0x00000000f9b00000,0x00000000fb700000)
 ParOldGen       total 349696K, used 349695K [0x00000000e0000000, 0x00000000f5580000, 0x00000000f5580000)
  object space 349696K, 99% used [0x00000000e0000000,0x00000000f557fd08,0x00000000f5580000)
 Metaspace       used 58627K, committed 59584K, reserved 1105920K
  class space    used 5731K, committed 6144K, reserved 1048576K
}
Event: 288.704 GC heap after
{Heap after GC invocations=228 (full 144):
 PSYoungGen      total 71168K, used 42495K [0x00000000f5580000, 0x00000000fb900000, 0x0000000100000000)
  eden space 42496K, 99% used [0x00000000f5580000,0x00000000f7efff58,0x00000000f7f00000)
  from space 28672K, 0% used [0x00000000f9b00000,0x00000000f9b00000,0x00000000fb700000)
  to   space 28672K, 0% used [0x00000000f7f00000,0x00000000f7f00000,0x00000000f9b00000)
 ParOldGen       total 349696K, used 349693K [0x00000000e0000000, 0x00000000f5580000, 0x00000000f5580000)
  object space 349696K, 99% used [0x00000000e0000000,0x00000000f557f6d8,0x00000000f5580000)
 Metaspace       used 58627K, committed 59584K, reserved 1105920K
  class space    used 5731K, committed 6144K, reserved 1048576K
}
Event: 288.705 GC heap before
{Heap before GC invocations=229 (full 145):
 PSYoungGen      total 71168K, used 42496K [0x00000000f5580000, 0x00000000fb900000, 0x0000000100000000)
  eden space 42496K, 100% used [0x00000000f5580000,0x00000000f7f00000,0x00000000f7f00000)
  from space 28672K, 0% used [0x00000000f9b00000,0x00000000f9b00000,0x00000000fb700000)
  to   space 28672K, 0% used [0x00000000f7f00000,0x00000000f7f00000,0x00000000f9b00000)
 ParOldGen       total 349696K, used 349693K [0x00000000e0000000, 0x00000000f5580000, 0x00000000f5580000)
  object space 349696K, 99% used [0x00000000e0000000,0x00000000f557f6d8,0x00000000f5580000)
 Metaspace       used 58627K, committed 59584K, reserved 1105920K
  class space    used 5731K, committed 6144K, reserved 1048576K
}
Event: 290.528 GC heap after
{Heap after GC invocations=229 (full 145):
 PSYoungGen      total 71168K, used 42496K [0x00000000f5580000, 0x00000000fb900000, 0x0000000100000000)
  eden space 42496K, 100% used [0x00000000f5580000,0x00000000f7f00000,0x00000000f7f00000)
  from space 28672K, 0% used [0x00000000f7f00000,0x00000000f7f00000,0x00000000f9b00000)
  to   space 28672K, 0% used [0x00000000f9b00000,0x00000000f9b00000,0x00000000fb700000)
 ParOldGen       total 349696K, used 349693K [0x00000000e0000000, 0x00000000f5580000, 0x00000000f5580000)
  object space 349696K, 99% used [0x00000000e0000000,0x00000000f557f6a0,0x00000000f5580000)
 Metaspace       used 58627K, committed 59584K, reserved 1105920K
  class space    used 5731K, committed 6144K, reserved 1048576K
}
Event: 290.540 GC heap before
{Heap before GC invocations=230 (full 146):
 PSYoungGen      total 71168K, used 42496K [0x00000000f5580000, 0x00000000fb900000, 0x0000000100000000)
  eden space 42496K, 100% used [0x00000000f5580000,0x00000000f7f00000,0x00000000f7f00000)
  from space 28672K, 0% used [0x00000000f7f00000,0x00000000f7f00000,0x00000000f9b00000)
  to   space 28672K, 0% used [0x00000000f9b00000,0x00000000f9b00000,0x00000000fb700000)
 ParOldGen       total 349696K, used 349694K [0x00000000e0000000, 0x00000000f5580000, 0x00000000f5580000)
  object space 349696K, 99% used [0x00000000e0000000,0x00000000f557f810,0x00000000f5580000)
 Metaspace       used 58627K, committed 59584K, reserved 1105920K
  class space    used 5731K, committed 6144K, reserved 1048576K
}
Event: 292.309 GC heap after
{Heap after GC invocations=230 (full 146):
 PSYoungGen      total 71168K, used 42496K [0x00000000f5580000, 0x00000000fb900000, 0x0000000100000000)
  eden space 42496K, 100% used [0x00000000f5580000,0x00000000f7f00000,0x00000000f7f00000)
  from space 28672K, 0% used [0x00000000f9b00000,0x00000000f9b00000,0x00000000fb700000)
  to   space 28672K, 0% used [0x00000000f7f00000,0x00000000f7f00000,0x00000000f9b00000)
 ParOldGen       total 349696K, used 349693K [0x00000000e0000000, 0x00000000f5580000, 0x00000000f5580000)
  object space 349696K, 99% used [0x00000000e0000000,0x00000000f557f6a0,0x00000000f5580000)
 Metaspace       used 58627K, committed 59584K, reserved 1105920K
  class space    used 5731K, committed 6144K, reserved 1048576K
}
Event: 292.309 GC heap before
{Heap before GC invocations=231 (full 147):
 PSYoungGen      total 71168K, used 42496K [0x00000000f5580000, 0x00000000fb900000, 0x0000000100000000)
  eden space 42496K, 100% used [0x00000000f5580000,0x00000000f7f00000,0x00000000f7f00000)
  from space 28672K, 0% used [0x00000000f9b00000,0x00000000f9b00000,0x00000000fb700000)
  to   space 28672K, 0% used [0x00000000f7f00000,0x00000000f7f00000,0x00000000f9b00000)
 ParOldGen       total 349696K, used 349693K [0x00000000e0000000, 0x00000000f5580000, 0x00000000f5580000)
  object space 349696K, 99% used [0x00000000e0000000,0x00000000f557f6a0,0x00000000f5580000)
 Metaspace       used 58627K, committed 59584K, reserved 1105920K
  class space    used 5731K, committed 6144K, reserved 1048576K
}
Event: 293.936 GC heap after
{Heap after GC invocations=231 (full 147):
 PSYoungGen      total 71168K, used 42496K [0x00000000f5580000, 0x00000000fb900000, 0x0000000100000000)
  eden space 42496K, 100% used [0x00000000f5580000,0x00000000f7f00000,0x00000000f7f00000)
  from space 28672K, 0% used [0x00000000f7f00000,0x00000000f7f00000,0x00000000f9b00000)
  to   space 28672K, 0% used [0x00000000f9b00000,0x00000000f9b00000,0x00000000fb700000)
 ParOldGen       total 349696K, used 349693K [0x00000000e0000000, 0x00000000f5580000, 0x00000000f5580000)
  object space 349696K, 99% used [0x00000000e0000000,0x00000000f557f6a0,0x00000000f5580000)
 Metaspace       used 58627K, committed 59584K, reserved 1105920K
  class space    used 5731K, committed 6144K, reserved 1048576K
}

